<?xml version="1.0" encoding="UTF-8"?>
<testsuite name="com.fantastipotami.HolyCitySherpaApplicationTests" tests="9" skipped="0" failures="0" errors="0" timestamp="2016-04-20T13:03:10" hostname="Alexanders-MacBook-Pro.local" time="1.497">
  <properties/>
  <testcase name="test1" classname="com.fantastipotami.HolyCitySherpaApplicationTests" time="0.54"/>
  <testcase name="test2" classname="com.fantastipotami.HolyCitySherpaApplicationTests" time="0.096"/>
  <testcase name="test3" classname="com.fantastipotami.HolyCitySherpaApplicationTests" time="0.127"/>
  <testcase name="test4" classname="com.fantastipotami.HolyCitySherpaApplicationTests" time="0.095"/>
  <testcase name="test5" classname="com.fantastipotami.HolyCitySherpaApplicationTests" time="0.101"/>
  <testcase name="test6" classname="com.fantastipotami.HolyCitySherpaApplicationTests" time="0.072"/>
  <testcase name="test7" classname="com.fantastipotami.HolyCitySherpaApplicationTests" time="0.035"/>
  <testcase name="testChoice" classname="com.fantastipotami.HolyCitySherpaApplicationTests" time="0.189"/>
  <testcase name="testPrefab" classname="com.fantastipotami.HolyCitySherpaApplicationTests" time="0.22"/>
  <system-out><![CDATA[09:02:58.358 [Test worker] DEBUG o.s.t.c.j.SpringJUnit4ClassRunner - SpringJUnit4ClassRunner constructor called with [class com.fantastipotami.HolyCitySherpaApplicationTests]
09:02:58.372 [Test worker] DEBUG o.s.test.context.BootstrapUtils - Instantiating CacheAwareContextLoaderDelegate from class [org.springframework.test.context.cache.DefaultCacheAwareContextLoaderDelegate]
09:02:58.384 [Test worker] DEBUG o.s.test.context.BootstrapUtils - Instantiating BootstrapContext using constructor [public org.springframework.test.context.support.DefaultBootstrapContext(java.lang.Class,org.springframework.test.context.CacheAwareContextLoaderDelegate)]
09:02:58.405 [Test worker] DEBUG o.s.test.context.BootstrapUtils - Instantiating TestContextBootstrapper for test class [com.fantastipotami.HolyCitySherpaApplicationTests] from class [org.springframework.test.context.web.WebTestContextBootstrapper]
09:02:58.454 [Test worker] DEBUG o.s.t.c.w.WebTestContextBootstrapper - Found explicit ContextLoader class [org.springframework.boot.test.SpringApplicationContextLoader] for context configuration attributes [ContextConfigurationAttributes@737dd96 declaringClass = 'com.fantastipotami.HolyCitySherpaApplicationTests', classes = '{class com.fantastipotami.SherpaApplication}', locations = '{}', inheritLocations = true, initializers = '{}', inheritInitializers = true, name = [null], contextLoaderClass = 'org.springframework.boot.test.SpringApplicationContextLoader']
09:02:58.464 [Test worker] DEBUG o.s.t.c.s.AbstractContextLoader - Did not detect default resource location for test class [com.fantastipotami.HolyCitySherpaApplicationTests]: class path resource [com/fantastipotami/HolyCitySherpaApplicationTests-context.xml] does not exist
09:02:58.465 [Test worker] DEBUG o.s.t.c.s.AbstractContextLoader - Did not detect default resource location for test class [com.fantastipotami.HolyCitySherpaApplicationTests]: class path resource [com/fantastipotami/HolyCitySherpaApplicationTestsContext.groovy] does not exist
09:02:58.465 [Test worker] INFO  o.s.t.c.s.AbstractContextLoader - Could not detect default resource locations for test class [com.fantastipotami.HolyCitySherpaApplicationTests]: no resource found for suffixes {-context.xml, Context.groovy}.
09:02:58.471 [Test worker] DEBUG o.s.t.c.support.ActiveProfilesUtils - Could not find an 'annotation declaring class' for annotation type [org.springframework.test.context.ActiveProfiles] and class [com.fantastipotami.HolyCitySherpaApplicationTests]
09:02:58.475 [Test worker] DEBUG o.s.t.c.w.WebTestContextBootstrapper - @TestExecutionListeners is not present for class [com.fantastipotami.HolyCitySherpaApplicationTests]: using defaults.
09:02:58.491 [Test worker] INFO  o.s.t.c.w.WebTestContextBootstrapper - Loaded default TestExecutionListener class names from location [META-INF/spring.factories]: [org.springframework.test.context.web.ServletTestExecutionListener, org.springframework.test.context.support.DirtiesContextBeforeModesTestExecutionListener, org.springframework.test.context.support.DependencyInjectionTestExecutionListener, org.springframework.test.context.support.DirtiesContextTestExecutionListener, org.springframework.test.context.transaction.TransactionalTestExecutionListener, org.springframework.test.context.jdbc.SqlScriptsTestExecutionListener]
09:02:58.548 [Test worker] INFO  o.s.t.c.w.WebTestContextBootstrapper - Using TestExecutionListeners: [org.springframework.test.context.web.ServletTestExecutionListener@7c4509b8, org.springframework.test.context.support.DirtiesContextBeforeModesTestExecutionListener@416fc803, org.springframework.test.context.support.DependencyInjectionTestExecutionListener@163b263d, org.springframework.test.context.support.DirtiesContextTestExecutionListener@223d8bc7, org.springframework.test.context.transaction.TransactionalTestExecutionListener@76e14ef1, org.springframework.test.context.jdbc.SqlScriptsTestExecutionListener@49f1affe]
09:02:58.555 [Test worker] DEBUG o.s.t.annotation.ProfileValueUtils - Retrieved @ProfileValueSourceConfiguration [null] for test class [com.fantastipotami.HolyCitySherpaApplicationTests]
09:02:58.555 [Test worker] DEBUG o.s.t.annotation.ProfileValueUtils - Retrieved ProfileValueSource type [class org.springframework.test.annotation.SystemProfileValueSource] for class [com.fantastipotami.HolyCitySherpaApplicationTests]
09:02:58.557 [Test worker] DEBUG o.s.t.annotation.ProfileValueUtils - Retrieved @ProfileValueSourceConfiguration [null] for test class [com.fantastipotami.HolyCitySherpaApplicationTests]
09:02:58.557 [Test worker] DEBUG o.s.t.annotation.ProfileValueUtils - Retrieved ProfileValueSource type [class org.springframework.test.annotation.SystemProfileValueSource] for class [com.fantastipotami.HolyCitySherpaApplicationTests]
09:02:58.563 [Test worker] DEBUG o.s.t.c.s.AbstractDirtiesContextTestExecutionListener - Before test class: context [DefaultTestContext@1d3228a0 testClass = HolyCitySherpaApplicationTests, testInstance = [null], testMethod = [null], testException = [null], mergedContextConfiguration = [WebMergedContextConfiguration@3af891eb testClass = HolyCitySherpaApplicationTests, locations = '{}', classes = '{class com.fantastipotami.SherpaApplication}', contextInitializerClasses = '[]', activeProfiles = '{}', propertySourceLocations = '{}', propertySourceProperties = '{}', resourceBasePath = 'src/main/webapp', contextLoader = 'org.springframework.boot.test.SpringApplicationContextLoader', parent = [null]]], class annotated with @DirtiesContext [false] with mode [null].
09:02:58.567 [Test worker] DEBUG o.s.t.annotation.ProfileValueUtils - Retrieved @ProfileValueSourceConfiguration [null] for test class [com.fantastipotami.HolyCitySherpaApplicationTests]
09:02:58.568 [Test worker] DEBUG o.s.t.annotation.ProfileValueUtils - Retrieved ProfileValueSource type [class org.springframework.test.annotation.SystemProfileValueSource] for class [com.fantastipotami.HolyCitySherpaApplicationTests]
09:02:58.726 [Test worker] DEBUG o.s.core.env.StandardEnvironment - Adding [systemProperties] PropertySource with lowest search precedence
09:02:58.728 [Test worker] DEBUG o.s.core.env.StandardEnvironment - Adding [systemEnvironment] PropertySource with lowest search precedence
09:02:58.729 [Test worker] DEBUG o.s.core.env.StandardEnvironment - Initialized StandardEnvironment with PropertySources [systemProperties,systemEnvironment]
09:02:58.731 [Test worker] DEBUG o.s.core.env.StandardEnvironment - Adding [integrationTest] PropertySource with search precedence immediately lower than [systemEnvironment]

  .   ____          _            __ _ _
 /\\ / ___'_ __ _ _(_)_ __  __ _ \ \ \ \
( ( )\___ | '_ | '_| | '_ \/ _` | \ \ \ \
 \\/  ___)| |_)| | | | | || (_| |  ) ) ) )
  '  |____| .__|_| |_|_| |_\__, | / / / /
 =========|_|==============|___/=/_/_/_/
 :: Spring Boot ::        (v1.3.3.RELEASE)

2016-04-20 09:02:59.636  INFO 76751 --- [    Test worker] c.f.HolyCitySherpaApplicationTests       : Starting HolyCitySherpaApplicationTests on Alexanders-MacBook-Pro.local with PID 76751 (/Users/alexanderhughes/Documents/feb2016/Sherpa/build/classes/test started by alexanderhughes in /Users/alexanderhughes/Documents/feb2016/Sherpa)
2016-04-20 09:02:59.643  INFO 76751 --- [    Test worker] c.f.HolyCitySherpaApplicationTests       : No active profile set, falling back to default profiles: default
2016-04-20 09:02:59.896  INFO 76751 --- [    Test worker] o.s.w.c.s.GenericWebApplicationContext   : Refreshing org.springframework.web.context.support.GenericWebApplicationContext@61e5e1ef: startup date [Wed Apr 20 09:02:59 EDT 2016]; root of context hierarchy
2016-04-20 09:03:01.957  INFO 76751 --- [    Test worker] o.s.b.f.s.DefaultListableBeanFactory     : Overriding bean definition for bean 'beanNameViewResolver' with a different definition: replacing [Root bean: class [null]; scope=; abstract=false; lazyInit=false; autowireMode=3; dependencyCheck=0; autowireCandidate=true; primary=false; factoryBeanName=org.springframework.boot.autoconfigure.web.ErrorMvcAutoConfiguration$WhitelabelErrorViewConfiguration; factoryMethodName=beanNameViewResolver; initMethodName=null; destroyMethodName=(inferred); defined in class path resource [org/springframework/boot/autoconfigure/web/ErrorMvcAutoConfiguration$WhitelabelErrorViewConfiguration.class]] with [Root bean: class [null]; scope=; abstract=false; lazyInit=false; autowireMode=3; dependencyCheck=0; autowireCandidate=true; primary=false; factoryBeanName=org.springframework.boot.autoconfigure.web.WebMvcAutoConfiguration$WebMvcAutoConfigurationAdapter; factoryMethodName=beanNameViewResolver; initMethodName=null; destroyMethodName=(inferred); defined in class path resource [org/springframework/boot/autoconfigure/web/WebMvcAutoConfiguration$WebMvcAutoConfigurationAdapter.class]]
2016-04-20 09:03:03.178  INFO 76751 --- [    Test worker] trationDelegate$BeanPostProcessorChecker : Bean 'org.springframework.transaction.annotation.ProxyTransactionManagementConfiguration' of type [class org.springframework.transaction.annotation.ProxyTransactionManagementConfiguration$$EnhancerBySpringCGLIB$$485ca51d] is not eligible for getting processed by all BeanPostProcessors (for example: not eligible for auto-proxying)
2016-04-20 09:03:04.166  INFO 76751 --- [    Test worker] j.LocalContainerEntityManagerFactoryBean : Building JPA container EntityManagerFactory for persistence unit 'default'
2016-04-20 09:03:04.223  INFO 76751 --- [    Test worker] o.hibernate.jpa.internal.util.LogHelper  : HHH000204: Processing PersistenceUnitInfo [
	name: default
	...]
2016-04-20 09:03:04.398  INFO 76751 --- [    Test worker] org.hibernate.Version                    : HHH000412: Hibernate Core {4.3.11.Final}
2016-04-20 09:03:04.401  INFO 76751 --- [    Test worker] org.hibernate.cfg.Environment            : HHH000206: hibernate.properties not found
2016-04-20 09:03:04.406  INFO 76751 --- [    Test worker] org.hibernate.cfg.Environment            : HHH000021: Bytecode provider name : javassist
2016-04-20 09:03:04.844  INFO 76751 --- [    Test worker] o.hibernate.annotations.common.Version   : HCANN000001: Hibernate Commons Annotations {4.0.5.Final}
2016-04-20 09:03:05.361  INFO 76751 --- [    Test worker] org.hibernate.dialect.Dialect            : HHH000400: Using dialect: org.hibernate.dialect.H2Dialect
2016-04-20 09:03:05.847  INFO 76751 --- [    Test worker] o.h.h.i.ast.ASTQueryTranslatorFactory    : HHH000397: Using ASTQueryTranslatorFactory
2016-04-20 09:03:06.571  INFO 76751 --- [    Test worker] org.hibernate.tool.hbm2ddl.SchemaUpdate  : HHH000228: Running hbm2ddl schema update
2016-04-20 09:03:06.572  INFO 76751 --- [    Test worker] org.hibernate.tool.hbm2ddl.SchemaUpdate  : HHH000102: Fetching database metadata
2016-04-20 09:03:06.576  INFO 76751 --- [    Test worker] org.hibernate.tool.hbm2ddl.SchemaUpdate  : HHH000396: Updating schema
2016-04-20 09:03:06.587  INFO 76751 --- [    Test worker] java.sql.DatabaseMetaData                : HHH000262: Table not found: categories
2016-04-20 09:03:06.592  INFO 76751 --- [    Test worker] java.sql.DatabaseMetaData                : HHH000262: Table not found: geofences
2016-04-20 09:03:06.593  INFO 76751 --- [    Test worker] java.sql.DatabaseMetaData                : HHH000262: Table not found: loc_cat_joins
2016-04-20 09:03:06.594  INFO 76751 --- [    Test worker] java.sql.DatabaseMetaData                : HHH000262: Table not found: locations
2016-04-20 09:03:06.599  INFO 76751 --- [    Test worker] java.sql.DatabaseMetaData                : HHH000262: Table not found: perm_tour_loc_joins
2016-04-20 09:03:06.602  INFO 76751 --- [    Test worker] java.sql.DatabaseMetaData                : HHH000262: Table not found: perm_tours
2016-04-20 09:03:06.604  INFO 76751 --- [    Test worker] java.sql.DatabaseMetaData                : HHH000262: Table not found: tour_loc_joins
2016-04-20 09:03:06.606  INFO 76751 --- [    Test worker] java.sql.DatabaseMetaData                : HHH000262: Table not found: tours
2016-04-20 09:03:06.608  INFO 76751 --- [    Test worker] java.sql.DatabaseMetaData                : HHH000262: Table not found: categories
2016-04-20 09:03:06.609  INFO 76751 --- [    Test worker] java.sql.DatabaseMetaData                : HHH000262: Table not found: geofences
2016-04-20 09:03:06.611  INFO 76751 --- [    Test worker] java.sql.DatabaseMetaData                : HHH000262: Table not found: loc_cat_joins
2016-04-20 09:03:06.613  INFO 76751 --- [    Test worker] java.sql.DatabaseMetaData                : HHH000262: Table not found: locations
2016-04-20 09:03:06.616  INFO 76751 --- [    Test worker] java.sql.DatabaseMetaData                : HHH000262: Table not found: perm_tour_loc_joins
2016-04-20 09:03:06.619  INFO 76751 --- [    Test worker] java.sql.DatabaseMetaData                : HHH000262: Table not found: perm_tours
2016-04-20 09:03:06.621  INFO 76751 --- [    Test worker] java.sql.DatabaseMetaData                : HHH000262: Table not found: tour_loc_joins
2016-04-20 09:03:06.624  INFO 76751 --- [    Test worker] java.sql.DatabaseMetaData                : HHH000262: Table not found: tours
2016-04-20 09:03:06.625  INFO 76751 --- [    Test worker] java.sql.DatabaseMetaData                : HHH000262: Table not found: categories
2016-04-20 09:03:06.626  INFO 76751 --- [    Test worker] java.sql.DatabaseMetaData                : HHH000262: Table not found: geofences
2016-04-20 09:03:06.631  INFO 76751 --- [    Test worker] java.sql.DatabaseMetaData                : HHH000262: Table not found: loc_cat_joins
2016-04-20 09:03:06.637  INFO 76751 --- [    Test worker] java.sql.DatabaseMetaData                : HHH000262: Table not found: locations
2016-04-20 09:03:06.640  INFO 76751 --- [    Test worker] java.sql.DatabaseMetaData                : HHH000262: Table not found: perm_tour_loc_joins
2016-04-20 09:03:06.642  INFO 76751 --- [    Test worker] java.sql.DatabaseMetaData                : HHH000262: Table not found: perm_tours
2016-04-20 09:03:06.643  INFO 76751 --- [    Test worker] java.sql.DatabaseMetaData                : HHH000262: Table not found: tour_loc_joins
2016-04-20 09:03:06.645  INFO 76751 --- [    Test worker] java.sql.DatabaseMetaData                : HHH000262: Table not found: tours
2016-04-20 09:03:06.712  INFO 76751 --- [    Test worker] org.hibernate.tool.hbm2ddl.SchemaUpdate  : HHH000232: Schema update complete
2016-04-20 09:03:09.870  INFO 76751 --- [    Test worker] s.w.s.m.m.a.RequestMappingHandlerAdapter : Looking for @ControllerAdvice: org.springframework.web.context.support.GenericWebApplicationContext@61e5e1ef: startup date [Wed Apr 20 09:02:59 EDT 2016]; root of context hierarchy
2016-04-20 09:03:10.051  INFO 76751 --- [    Test worker] s.w.s.m.m.a.RequestMappingHandlerMapping : Mapped "{[/tour/{id}],methods=[POST]}" onto public org.springframework.http.ResponseEntity<java.lang.Object> com.fantastipotami.controllers.SherpaController.joinTour(javax.servlet.http.HttpSession,int)
2016-04-20 09:03:10.052  INFO 76751 --- [    Test worker] s.w.s.m.m.a.RequestMappingHandlerMapping : Mapped "{[/location/{id}],methods=[GET]}" onto public org.springframework.http.ResponseEntity<java.lang.Object> com.fantastipotami.controllers.SherpaController.getCats(int)
2016-04-20 09:03:10.056  INFO 76751 --- [    Test worker] s.w.s.m.m.a.RequestMappingHandlerMapping : Mapped "{[/category/{id}],methods=[GET]}" onto public org.springframework.http.ResponseEntity<java.lang.Object> com.fantastipotami.controllers.SherpaController.getToursByCat(int)
2016-04-20 09:03:10.057  INFO 76751 --- [    Test worker] s.w.s.m.m.a.RequestMappingHandlerMapping : Mapped "{[/tour/locations],methods=[GET]}" onto public org.springframework.http.ResponseEntity<java.lang.Object> com.fantastipotami.controllers.SherpaController.getLocJoins(javax.servlet.http.HttpSession)
2016-04-20 09:03:10.059  INFO 76751 --- [    Test worker] s.w.s.m.m.a.RequestMappingHandlerMapping : Mapped "{[/category],methods=[GET]}" onto public org.springframework.http.ResponseEntity<java.lang.Object> com.fantastipotami.controllers.SherpaController.getAllCategories()
2016-04-20 09:03:10.060  INFO 76751 --- [    Test worker] s.w.s.m.m.a.RequestMappingHandlerMapping : Mapped "{[/re-join/{id}],methods=[POST]}" onto public org.springframework.http.ResponseEntity<java.lang.Object> com.fantastipotami.controllers.SherpaController.getTourLocs(javax.servlet.http.HttpSession,int)
2016-04-20 09:03:10.060  INFO 76751 --- [    Test worker] s.w.s.m.m.a.RequestMappingHandlerMapping : Mapped "{[/tour/{id}],methods=[PUT]}" onto public org.springframework.http.ResponseEntity<java.lang.Object> com.fantastipotami.controllers.SherpaController.updateTourLoc(int)
2016-04-20 09:03:10.061  INFO 76751 --- [    Test worker] s.w.s.m.m.a.RequestMappingHandlerMapping : Mapped "{[/tour],methods=[POST]}" onto public org.springframework.http.ResponseEntity<java.lang.Object> com.fantastipotami.controllers.SherpaController.buildTour(javax.servlet.http.HttpSession,java.util.HashMap)
2016-04-20 09:03:10.063  INFO 76751 --- [    Test worker] s.w.s.m.m.a.RequestMappingHandlerMapping : Mapped "{[/tour],methods=[DELETE]}" onto public org.springframework.http.ResponseEntity<java.lang.Object> com.fantastipotami.controllers.SherpaController.cancelTour(javax.servlet.http.HttpSession)
2016-04-20 09:03:10.064  INFO 76751 --- [    Test worker] s.w.s.m.m.a.RequestMappingHandlerMapping : Mapped "{[/perm-tour],methods=[GET]}" onto public org.springframework.http.ResponseEntity<java.lang.Object> com.fantastipotami.controllers.SherpaController.getAllTours(javax.servlet.http.HttpSession)
2016-04-20 09:03:10.068  INFO 76751 --- [    Test worker] s.w.s.m.m.a.RequestMappingHandlerMapping : Mapped "{[/error]}" onto public org.springframework.http.ResponseEntity<java.util.Map<java.lang.String, java.lang.Object>> org.springframework.boot.autoconfigure.web.BasicErrorController.error(javax.servlet.http.HttpServletRequest)
2016-04-20 09:03:10.069  INFO 76751 --- [    Test worker] s.w.s.m.m.a.RequestMappingHandlerMapping : Mapped "{[/error],produces=[text/html]}" onto public org.springframework.web.servlet.ModelAndView org.springframework.boot.autoconfigure.web.BasicErrorController.errorHtml(javax.servlet.http.HttpServletRequest,javax.servlet.http.HttpServletResponse)
2016-04-20 09:03:10.149  INFO 76751 --- [    Test worker] o.s.w.s.handler.SimpleUrlHandlerMapping  : Mapped URL path [/webjars/**] onto handler of type [class org.springframework.web.servlet.resource.ResourceHttpRequestHandler]
2016-04-20 09:03:10.151  INFO 76751 --- [    Test worker] o.s.w.s.handler.SimpleUrlHandlerMapping  : Mapped URL path [/**] onto handler of type [class org.springframework.web.servlet.resource.ResourceHttpRequestHandler]
2016-04-20 09:03:10.253  INFO 76751 --- [    Test worker] o.s.w.s.handler.SimpleUrlHandlerMapping  : Mapped URL path [/**/favicon.ico] onto handler of type [class org.springframework.web.servlet.resource.ResourceHttpRequestHandler]
2016-04-20 09:03:10.786  INFO 76751 --- [    Test worker] c.f.HolyCitySherpaApplicationTests       : Started HolyCitySherpaApplicationTests in 12.034 seconds (JVM running for 14.088)
2016-04-20 09:03:10.844  INFO 76751 --- [    Test worker] o.s.b.test.SpringBootMockServletContext  : Initializing Spring FrameworkServlet ''
2016-04-20 09:03:10.844  INFO 76751 --- [    Test worker] o.s.t.web.servlet.TestDispatcherServlet  : FrameworkServlet '': initialization started
2016-04-20 09:03:10.882  INFO 76751 --- [    Test worker] o.s.t.web.servlet.TestDispatcherServlet  : FrameworkServlet '': initialization completed in 38 ms
2016-04-20 09:03:11.372  INFO 76751 --- [    Test worker] o.s.b.test.SpringBootMockServletContext  : Initializing Spring FrameworkServlet ''
2016-04-20 09:03:11.373  INFO 76751 --- [    Test worker] o.s.t.web.servlet.TestDispatcherServlet  : FrameworkServlet '': initialization started
2016-04-20 09:03:11.378  INFO 76751 --- [    Test worker] o.s.t.web.servlet.TestDispatcherServlet  : FrameworkServlet '': initialization completed in 4 ms
2016-04-20 09:03:11.474  INFO 76751 --- [    Test worker] o.s.b.test.SpringBootMockServletContext  : Initializing Spring FrameworkServlet ''
2016-04-20 09:03:11.474  INFO 76751 --- [    Test worker] o.s.t.web.servlet.TestDispatcherServlet  : FrameworkServlet '': initialization started
2016-04-20 09:03:11.480  INFO 76751 --- [    Test worker] o.s.t.web.servlet.TestDispatcherServlet  : FrameworkServlet '': initialization completed in 4 ms
2016-04-20 09:03:11.602  INFO 76751 --- [    Test worker] o.s.b.test.SpringBootMockServletContext  : Initializing Spring FrameworkServlet ''
2016-04-20 09:03:11.602  INFO 76751 --- [    Test worker] o.s.t.web.servlet.TestDispatcherServlet  : FrameworkServlet '': initialization started
2016-04-20 09:03:11.606  INFO 76751 --- [    Test worker] o.s.t.web.servlet.TestDispatcherServlet  : FrameworkServlet '': initialization completed in 4 ms
2016-04-20 09:03:11.697  INFO 76751 --- [    Test worker] o.s.b.test.SpringBootMockServletContext  : Initializing Spring FrameworkServlet ''
2016-04-20 09:03:11.698  INFO 76751 --- [    Test worker] o.s.t.web.servlet.TestDispatcherServlet  : FrameworkServlet '': initialization started
2016-04-20 09:03:11.701  INFO 76751 --- [    Test worker] o.s.t.web.servlet.TestDispatcherServlet  : FrameworkServlet '': initialization completed in 3 ms
2016-04-20 09:03:11.800  INFO 76751 --- [    Test worker] o.s.b.test.SpringBootMockServletContext  : Initializing Spring FrameworkServlet ''
2016-04-20 09:03:11.800  INFO 76751 --- [    Test worker] o.s.t.web.servlet.TestDispatcherServlet  : FrameworkServlet '': initialization started
2016-04-20 09:03:11.807  INFO 76751 --- [    Test worker] o.s.t.web.servlet.TestDispatcherServlet  : FrameworkServlet '': initialization completed in 6 ms
2016-04-20 09:03:11.877  INFO 76751 --- [    Test worker] o.s.b.test.SpringBootMockServletContext  : Initializing Spring FrameworkServlet ''
2016-04-20 09:03:11.878  INFO 76751 --- [    Test worker] o.s.t.web.servlet.TestDispatcherServlet  : FrameworkServlet '': initialization started
2016-04-20 09:03:11.882  INFO 76751 --- [    Test worker] o.s.t.web.servlet.TestDispatcherServlet  : FrameworkServlet '': initialization completed in 3 ms
2016-04-20 09:03:11.912  INFO 76751 --- [    Test worker] o.s.b.test.SpringBootMockServletContext  : Initializing Spring FrameworkServlet ''
2016-04-20 09:03:11.913  INFO 76751 --- [    Test worker] o.s.t.web.servlet.TestDispatcherServlet  : FrameworkServlet '': initialization started
2016-04-20 09:03:11.916  INFO 76751 --- [    Test worker] o.s.t.web.servlet.TestDispatcherServlet  : FrameworkServlet '': initialization completed in 2 ms
2016-04-20 09:03:12.102  INFO 76751 --- [    Test worker] o.s.b.test.SpringBootMockServletContext  : Initializing Spring FrameworkServlet ''
2016-04-20 09:03:12.103  INFO 76751 --- [    Test worker] o.s.t.web.servlet.TestDispatcherServlet  : FrameworkServlet '': initialization started
2016-04-20 09:03:12.106  INFO 76751 --- [    Test worker] o.s.t.web.servlet.TestDispatcherServlet  : FrameworkServlet '': initialization completed in 3 ms
]]></system-out>
  <system-err><![CDATA[]]></system-err>
</testsuite>
